0 info it worked if it ends with ok
1 verbose cli [ 'C:\\Program Files\\nodejs\\node.exe',
1 verbose cli   'C:\\Program Files\\nodejs\\node_modules\\npm\\bin\\npm-cli.js',
1 verbose cli   'run',
1 verbose cli   'watch' ]
2 info using npm@3.10.10
3 info using node@v6.11.1
4 verbose run-script [ 'prewatch', 'watch', 'postwatch' ]
5 info lifecycle devportfolio-template@1.1.3~prewatch: devportfolio-template@1.1.3
6 silly lifecycle devportfolio-template@1.1.3~prewatch: no script for prewatch, continuing
7 info lifecycle devportfolio-template@1.1.3~watch: devportfolio-template@1.1.3
8 verbose lifecycle devportfolio-template@1.1.3~watch: unsafe-perm in lifecycle true
9 verbose lifecycle devportfolio-template@1.1.3~watch: PATH: C:\Program Files\nodejs\node_modules\npm\bin\node-gyp-bin;E:\Portfolio\node_modules\.bin;C:\Users\Karolis\AppData\Roaming\npm;C:\Program Files\nodejs\;C:\ProgramData\Oracle\Java\javapath;C:\GAMS\win64\23.9;C:\GAMS\win64\23.9\gbin;C:\Program Files\NVIDIA GPU Computing Toolkit\CUDA\v8.0\bin;C:\Program Files\NVIDIA GPU Computing Toolkit\CUDA\v8.0\libnvvp;C:\Windows\system32;C:\Windows;C:\Windows\System32\Wbem;C:\Windows\System32\WindowsPowerShell\v1.0\;C:\Users\Karolis\.dnx\bin;C:\Program Files\Microsoft DNX\Dnvm\;C:\Program Files (x86)\Windows Kits\8.1\Windows Performance Toolkit\;C:\Program Files\Microsoft SQL Server\130\Tools\Binn\;C:\Program Files (x86)\NVIDIA Corporation\PhysX\Common;C:\Program Files\Git\cmd;C:\Program Files (x86)\Skype\Phone\;C:\Program Files\CMake\bin;E:\PostgreSQL\9.6;E:\PostgreSQL\9.6\bin;C:\Users\Karolis\Anaconda3;C:\Users\Karolis\Anaconda3\Scripts;C:\Users\Karolis\Anaconda3\Library\bin;C:\Libraries\geckodriver.exe;E:\PostgreSQL\pg96\bin;C:\Program Files (x86)\Pandoc\;C:\Program Files (x86)\Graphviz2.38\bin;C:\Program Files\nodejs\;E:\MATLAB\R2017a\runtime\win64;E:\MATLAB\R2017a\bin;C:\WINDOWS\system32;C:\WINDOWS;C:\WINDOWS\System32\Wbem;C:\WINDOWS\System32\WindowsPowerShell\v1.0\;C:\Ruby23-x64\bin;C:\Users\Karolis\AppData\Local\Microsoft\WindowsApps;C:\Program Files\Heroku\bin;E:\PostgreSQL\9.6;E:\PostgreSQL\9.6\bin;C:\Users\Karolis\Anaconda3\Lib\site-packages;C:\Program Files\NVIDIA GPU Computing Toolkit\CUDA\v8.0\bin\;C:\Program Files\NVIDIA GPU Computing Toolkit\CUDA\v8.0;C:\Libraries\geckodriver.exe;C:\Program Files (x86)\Graphviz2.38\bin;C:\Users\Karolis\AppData\Roaming\npm;
10 verbose lifecycle devportfolio-template@1.1.3~watch: CWD: E:\Portfolio
11 silly lifecycle devportfolio-template@1.1.3~watch: Args: [ '/d /s /c', 'gulp watch' ]
12 verbose stack Error: kill ENOSYS
12 verbose stack     at exports._errnoException (util.js:1018:11)
12 verbose stack     at process.kill (internal/process.js:190:13)
12 verbose stack     at process.listener (C:\Program Files\nodejs\node_modules\npm\node_modules\npmlog\node_modules\gauge\node_modules\signal-exit\index.js:86:15)
12 verbose stack     at emitNone (events.js:91:20)
12 verbose stack     at process.emit (events.js:185:7)
12 verbose stack     at processEmit (C:\Program Files\nodejs\node_modules\npm\node_modules\npmlog\node_modules\gauge\node_modules\signal-exit\index.js:146:32)
12 verbose stack     at processEmit (C:\Program Files\nodejs\node_modules\npm\node_modules\npm-registry-client\node_modules\npmlog\node_modules\gauge\node_modules\signal-exit\index.js:146:32)
12 verbose stack     at Signal.wrap.onsignal (internal/process.js:217:44)
13 verbose cwd E:\Portfolio
14 error Windows_NT 10.0.15063
15 error argv "C:\\Program Files\\nodejs\\node.exe" "C:\\Program Files\\nodejs\\node_modules\\npm\\bin\\npm-cli.js" "run" "watch"
16 error node v6.11.1
17 error npm  v3.10.10
18 error code ENOSYS
19 error errno ENOSYS
20 error syscall kill
21 error kill ENOSYS
22 error If you need help, you may report this error at:
22 error     <https://github.com/npm/npm/issues>
23 verbose exit [ 1, true ]
